TN:
SF:server.js
FN:23,(anonymous_0)
FN:29,(anonymous_1)
FN:34,(anonymous_2)
FNF:3
FNH:2
FNDA:1,(anonymous_0)
FNDA:5,(anonymous_1)
FNDA:0,(anonymous_2)
DA:1,5
DA:2,5
DA:3,5
DA:4,5
DA:5,5
DA:6,5
DA:7,5
DA:9,5
DA:10,5
DA:13,5
DA:14,5
DA:17,5
DA:18,5
DA:19,5
DA:20,5
DA:23,5
DA:24,1
DA:25,1
DA:28,5
DA:29,5
DA:30,5
DA:34,5
DA:35,0
DA:36,0
DA:37,0
LF:25
LH:22
BRDA:28,0,0,5
BRDA:28,0,1,0
BRF:2
BRH:1
end_of_record
TN:
SF:controllers\adminController.js
FN:5,(anonymous_0)
FN:58,(anonymous_1)
FN:79,(anonymous_2)
FN:94,(anonymous_3)
FN:105,(anonymous_4)
FN:117,(anonymous_5)
FN:128,(anonymous_6)
FN:150,(anonymous_7)
FN:162,(anonymous_8)
FN:179,(anonymous_9)
FN:192,(anonymous_10)
FN:222,(anonymous_11)
FNF:12
FNH:12
FNDA:2,(anonymous_0)
FNDA:3,(anonymous_1)
FNDA:2,(anonymous_2)
FNDA:2,(anonymous_3)
FNDA:2,(anonymous_4)
FNDA:2,(anonymous_5)
FNDA:2,(anonymous_6)
FNDA:2,(anonymous_7)
FNDA:2,(anonymous_8)
FNDA:2,(anonymous_9)
FNDA:4,(anonymous_10)
FNDA:2,(anonymous_11)
DA:1,1
DA:3,1
DA:5,1
DA:6,2
DA:7,2
DA:8,2
DA:10,2
DA:16,2
DA:17,1
DA:20,2
DA:21,1
DA:27,2
DA:45,1
DA:47,1
DA:54,1
DA:58,1
DA:59,3
DA:60,3
DA:61,3
DA:63,3
DA:70,2
DA:75,1
DA:79,1
DA:80,2
DA:81,2
DA:83,2
DA:94,2
DA:99,1
DA:101,1
DA:105,1
DA:106,2
DA:107,2
DA:117,2
DA:122,1
DA:124,1
DA:128,1
DA:129,2
DA:130,2
DA:149,1
DA:150,2
DA:158,1
DA:162,1
DA:163,2
DA:164,2
DA:178,1
DA:179,2
DA:188,1
DA:192,1
DA:193,4
DA:194,4
DA:195,4
DA:197,4
DA:198,1
DA:201,3
DA:208,2
DA:218,1
DA:222,1
DA:223,2
DA:224,2
DA:226,2
DA:230,1
DA:234,1
DA:236,1
LF:63
LH:63
BRDA:7,0,0,1
BRDA:7,1,0,1
BRDA:7,2,0,1
BRDA:7,3,0,1
BRDA:16,4,0,1
BRDA:16,4,1,1
BRDA:20,5,0,1
BRDA:20,5,1,1
BRDA:71,6,0,1
BRDA:71,6,1,1
BRDA:197,7,0,1
BRDA:197,7,1,3
BRF:12
BRH:12
end_of_record
TN:
SF:controllers\authController.js
FN:7,(anonymous_0)
FN:51,(anonymous_1)
FNF:2
FNH:2
FNDA:3,(anonymous_0)
FNDA:4,(anonymous_1)
DA:1,1
DA:2,1
DA:3,1
DA:5,1
DA:7,1
DA:8,3
DA:9,3
DA:11,3
DA:15,2
DA:16,1
DA:19,1
DA:21,1
DA:30,1
DA:36,1
DA:47,1
DA:51,1
DA:52,4
DA:53,4
DA:55,4
DA:59,3
DA:60,1
DA:63,2
DA:65,2
DA:66,1
DA:69,1
DA:75,1
DA:86,1
LF:27
LH:27
BRDA:15,0,0,1
BRDA:15,0,1,1
BRDA:59,1,0,1
BRDA:59,1,1,2
BRDA:65,2,0,1
BRDA:65,2,1,1
BRF:6
BRH:6
end_of_record
TN:
SF:controllers\bookmarkController.js
FN:4,(anonymous_0)
FN:61,(anonymous_1)
FN:92,(anonymous_2)
FN:109,(anonymous_3)
FNF:4
FNH:4
FNDA:5,(anonymous_0)
FNDA:2,(anonymous_1)
FNDA:2,(anonymous_2)
FNDA:3,(anonymous_3)
DA:1,1
DA:2,1
DA:4,1
DA:5,5
DA:6,5
DA:7,5
DA:9,5
DA:10,1
DA:13,4
DA:17,3
DA:18,1
DA:21,2
DA:33,2
DA:34,1
DA:39,1
DA:41,1
DA:47,1
DA:50,2
DA:56,1
DA:57,1
DA:61,1
DA:62,2
DA:63,2
DA:64,2
DA:65,2
DA:67,2
DA:89,1
DA:92,2
DA:97,1
DA:104,1
DA:105,1
DA:109,1
DA:110,3
DA:111,3
DA:112,3
DA:114,3
DA:123,2
DA:127,1
DA:128,1
LF:39
LH:39
BRDA:9,0,0,1
BRDA:9,0,1,4
BRDA:17,1,0,1
BRDA:17,1,1,2
BRDA:33,2,0,1
BRDA:33,2,1,1
BRDA:64,3,0,1
BRDA:64,4,0,1
BRF:8
BRH:8
end_of_record
TN:
SF:middleware\auth.js
FN:6,(anonymous_0)
FN:36,(anonymous_1)
FNF:2
FNH:2
FNDA:4,(anonymous_0)
FNDA:3,(anonymous_1)
DA:1,1
DA:2,1
DA:4,1
DA:6,1
DA:7,4
DA:8,4
DA:11,4
DA:12,3
DA:15,4
DA:16,1
DA:19,3
DA:21,2
DA:25,2
DA:26,1
DA:29,1
DA:30,1
DA:32,1
DA:36,1
DA:37,3
DA:38,1
DA:40,2
LF:21
LH:21
BRDA:11,0,0,3
BRDA:11,0,1,1
BRDA:11,1,0,4
BRDA:11,1,1,3
BRDA:15,2,0,1
BRDA:15,2,1,3
BRDA:25,3,0,1
BRDA:25,3,1,1
BRDA:37,4,0,1
BRDA:37,4,1,2
BRDA:37,5,0,3
BRDA:37,5,1,2
BRF:12
BRH:12
end_of_record
TN:
SF:routes\adminRoutes.js
FNF:0
FNH:0
DA:1,1
DA:2,1
DA:3,1
DA:5,1
DA:8,1
DA:11,1
DA:12,1
DA:15,1
DA:16,1
DA:17,1
DA:20,1
DA:21,1
DA:22,1
DA:24,1
LF:14
LH:14
BRF:0
BRH:0
end_of_record
TN:
SF:routes\authRoutes.js
FNF:0
FNH:0
DA:1,1
DA:2,1
DA:4,1
DA:6,1
DA:7,1
DA:9,1
LF:6
LH:6
BRF:0
BRH:0
end_of_record
TN:
SF:routes\bookmarkRoutes.js
FNF:0
FNH:0
DA:1,1
DA:2,1
DA:3,1
DA:5,1
DA:7,1
DA:8,1
DA:9,1
DA:11,1
LF:8
LH:8
BRF:0
BRH:0
end_of_record
TN:
SF:routes\postRoutes.js
FNF:0
FNH:0
DA:1,1
DA:2,1
DA:3,1
DA:4,1
DA:6,1
DA:8,1
DA:9,1
DA:10,1
DA:11,1
DA:12,1
DA:13,1
DA:15,1
LF:12
LH:12
BRF:0
BRH:0
end_of_record
