TN:
SF:controllers\postController.js
FN:7,(anonymous_0)
FN:14,(anonymous_1)
FN:17,(anonymous_2)
FN:56,(anonymous_3)
FN:98,(anonymous_4)
FN:130,(anonymous_5)
FN:150,(anonymous_6)
FN:153,(anonymous_7)
FN:192,(anonymous_8)
FN:219,(anonymous_9)
FNF:10
FNH:4
FNDA:3,(anonymous_0)
FNDA:1,(anonymous_1)
FNDA:1,(anonymous_2)
FNDA:1,(anonymous_3)
FNDA:0,(anonymous_4)
FNDA:0,(anonymous_5)
FNDA:0,(anonymous_6)
FNDA:0,(anonymous_7)
FNDA:0,(anonymous_8)
FNDA:0,(anonymous_9)
DA:1,1
DA:2,1
DA:3,1
DA:5,1
DA:7,1
DA:8,3
DA:9,3
DA:10,3
DA:12,3
DA:13,3
DA:14,1
DA:15,1
DA:18,1
DA:19,1
DA:23,1
DA:24,1
DA:25,1
DA:26,1
DA:27,1
DA:30,1
DA:33,3
DA:46,2
DA:51,1
DA:52,1
DA:56,1
DA:57,1
DA:58,1
DA:59,1
DA:60,1
DA:62,1
DA:69,1
DA:70,1
DA:76,1
DA:85,1
DA:87,1
DA:94,0
DA:98,1
DA:99,0
DA:100,0
DA:101,0
DA:103,0
DA:116,0
DA:117,0
DA:120,0
DA:121,0
DA:124,0
DA:126,0
DA:130,1
DA:131,0
DA:132,0
DA:133,0
DA:134,0
DA:136,0
DA:140,0
DA:141,0
DA:144,0
DA:145,0
DA:148,0
DA:149,0
DA:150,0
DA:151,0
DA:154,0
DA:155,0
DA:159,0
DA:160,0
DA:161,0
DA:162,0
DA:163,0
DA:166,0
DA:169,0
DA:182,0
DA:187,0
DA:188,0
DA:192,1
DA:193,0
DA:194,0
DA:195,0
DA:197,0
DA:201,0
DA:202,0
DA:205,0
DA:206,0
DA:209,0
DA:213,0
DA:215,0
DA:219,1
DA:220,0
DA:221,0
DA:223,0
DA:235,0
DA:236,0
DA:239,0
DA:240,0
DA:243,0
DA:245,0
LF:95
LH:39
BRDA:13,0,0,1
BRDA:13,0,1,2
BRDA:18,1,0,0
BRDA:18,1,1,1
BRDA:59,2,0,0
BRDA:59,3,0,0
BRDA:59,4,0,0
BRDA:59,5,0,0
BRDA:69,6,0,1
BRDA:69,6,1,0
BRDA:116,7,0,0
BRDA:116,7,1,0
BRDA:120,8,0,0
BRDA:120,8,1,0
BRDA:120,9,0,0
BRDA:120,9,1,0
BRDA:140,10,0,0
BRDA:140,10,1,0
BRDA:144,11,0,0
BRDA:144,11,1,0
BRDA:149,12,0,0
BRDA:149,12,1,0
BRDA:154,13,0,0
BRDA:154,13,1,0
BRDA:201,14,0,0
BRDA:201,14,1,0
BRDA:205,15,0,0
BRDA:205,15,1,0
BRDA:205,16,0,0
BRDA:205,16,1,0
BRDA:235,17,0,0
BRDA:235,17,1,0
BRDA:239,18,0,0
BRDA:239,18,1,0
BRF:34
BRH:4
end_of_record
TN:
SF:middleware\auth.js
FN:6,(anonymous_0)
FN:36,(anonymous_1)
FNF:2
FNH:2
FNDA:4,(anonymous_0)
FNDA:3,(anonymous_1)
DA:1,1
DA:2,1
DA:4,1
DA:6,1
DA:7,4
DA:8,4
DA:11,4
DA:12,3
DA:15,4
DA:16,1
DA:19,3
DA:21,2
DA:25,2
DA:26,1
DA:29,1
DA:30,1
DA:32,1
DA:36,1
DA:37,3
DA:38,1
DA:40,2
LF:21
LH:21
BRDA:11,0,0,3
BRDA:11,0,1,1
BRDA:11,1,0,4
BRDA:11,1,1,3
BRDA:15,2,0,1
BRDA:15,2,1,3
BRDA:25,3,0,1
BRDA:25,3,1,1
BRDA:37,4,0,1
BRDA:37,4,1,2
BRDA:37,5,0,3
BRDA:37,5,1,2
BRF:12
BRH:12
end_of_record
TN:
SF:routes\postRoutes.js
FNF:0
FNH:0
DA:1,1
DA:2,1
DA:3,1
DA:4,1
DA:6,1
DA:8,1
DA:9,1
DA:10,1
DA:11,1
DA:12,1
DA:13,1
DA:15,1
LF:12
LH:12
BRF:0
BRH:0
end_of_record
